d:\projects\c++\cpp-assignment\cb005244\debug\vc140.pdb
d:\projects\c++\cpp-assignment\cb005244\debug\vc140.idb
d:\projects\c++\cpp-assignment\cb005244\debug\account.obj
d:\projects\c++\cpp-assignment\cb005244\debug\bankofficer.obj
d:\projects\c++\cpp-assignment\cb005244\debug\cb005244.obj
d:\projects\c++\cpp-assignment\cb005244\debug\customer.obj
d:\projects\c++\cpp-assignment\cb005244\debug\deposit.obj
d:\projects\c++\cpp-assignment\cb005244\debug\filedriver.obj
d:\projects\c++\cpp-assignment\cb005244\debug\stdafx.obj
d:\projects\c++\cpp-assignment\cb005244\debug\transection.obj
d:\projects\c++\cpp-assignment\cb005244\debug\transfer.obj
d:\projects\c++\cpp-assignment\cb005244\debug\validate.obj
d:\projects\c++\cpp-assignment\cb005244\debug\withdraw.obj
d:\projects\c++\cpp-assignment\debug\cb005244.ilk
d:\projects\c++\cpp-assignment\debug\cb005244.exe
d:\projects\c++\cpp-assignment\debug\cb005244.pdb
d:\projects\c++\cpp-assignment\cb005244\debug\cb005244.tlog\cl.command.1.tlog
d:\projects\c++\cpp-assignment\cb005244\debug\cb005244.tlog\cl.read.1.tlog
d:\projects\c++\cpp-assignment\cb005244\debug\cb005244.tlog\cl.write.1.tlog
d:\projects\c++\cpp-assignment\cb005244\debug\cb005244.tlog\link.command.1.tlog
d:\projects\c++\cpp-assignment\cb005244\debug\cb005244.tlog\link.read.1.tlog
d:\projects\c++\cpp-assignment\cb005244\debug\cb005244.tlog\link.write.1.tlog
